<?xml version="1.0" encoding="UTF-8"?>
<testsuites name="TS_country_change_005" time="434.1" tests="4" failures="0" errors="0">
   <testsuite name="TS_country_change_005" tests="4" failures="0" errors="0" time="434.1" skipped="0" timestamp="28-01-2024T23:01:25" hostname="Santhoshini - LAPTOP-JQ2M32JD" id="Test Suites/Datadriven_testing/TS_country_change_005">
      <properties>
         <property name="deviceName" value=""/>
         <property name="devicePlatform" value=""/>
         <property name="logFolder" value="C:\\Users\\Santhoshini\\git\\AMAZON-KATALON\\AMAZON-KATALON\\Reports\\20240128_230052\\Datadriven_testing\\TS_country_change_005\\20240128_230057"/>
         <property name="logFiles" value="C:\\Users\\Santhoshini\\git\\AMAZON-KATALON\\AMAZON-KATALON\\Reports\\20240128_230052\\Datadriven_testing\\TS_country_change_005\\20240128_230057\\execution0.log"/>
         <property name="attachments" value=""/>
         <property name="hostName" value="Santhoshini - LAPTOP-JQ2M32JD"/>
         <property name="os" value="Windows 11 64bit"/>
         <property name="katalonVersion" value="9.2.0.212"/>
         <property name="browser" value="Chrome 120.0.0.0"/>
         <property name="hostAddress" value="192.168.129.23"/>
         <property name="sessionId" value="991d1171a6a548a886251fa85413b92e"/>
         <property name="seleniumVersion" value="3.141.59"/>
         <property name="proxyInformation" value="ProxyInformation { proxyOption=NO_PROXY, proxyServerType=HTTP, username=, password=********, proxyServerAddress=, proxyServerPort=0, executionList=&quot;&quot;, isApplyToDesiredCapabilities=true }"/>
         <property name="platform" value="Windows 11"/>
      </properties>
      <testcase name="Test Cases/Datadriven_testing/TC_country_change_005" time="132.329" classname="Test Cases/Datadriven_testing/TC_country_change_005" status="PASSED">
         <system-out><![CDATA[28-01-2024T23:01:26 - [TEST_CASE][PASSED] - Test Cases/Datadriven_testing/TC_country_change_005: Test Cases/Datadriven_testing/TC_country_change_005

28-01-2024T23:01:26 - [TEST_STEP][PASSED] - Start listener action : sampleBeforeTestCase: Navigate to 'https://www.amazon.in/' successfully

28-01-2024T23:01:26 - [TEST_STEP][PASSED] - openBrowser(""): Browser is opened with url: ''

28-01-2024T23:01:28 - [MESSAGE][INFO] - Starting 'Chrome' driver

28-01-2024T23:01:29 - [MESSAGE][INFO] - Action delay is set to 0 milliseconds

28-01-2024T23:01:34 - [MESSAGE][PASSED] - Browser is opened with url: ''

28-01-2024T23:01:34 - [TEST_STEP][PASSED] - navigateToUrl("https://www.amazon.in/"): Navigate to 'https://www.amazon.in/' successfully

28-01-2024T23:02:29 - [MESSAGE][PASSED] - Navigate to 'https://www.amazon.in/' successfully

28-01-2024T23:02:30 - [TEST_STEP][PASSED] - click(findTestObject("Object Repository/Page_Online Shopping site in India Shop Onl_10c5f3/" + location)): Object: 'Object Repository/Page_Online Shopping site in India Shop Onl_10c5f3/Australia' is clicked on

28-01-2024T23:03:38 - [MESSAGE][PASSED] - Object: 'Object Repository/Page_Online Shopping site in India Shop Onl_10c5f3/Australia' is clicked on

28-01-2024T23:03:38 - [TEST_STEP][PASSED] - Start listener action : sampleAfterTestCase: Browser is closed

28-01-2024T23:03:38 - [TEST_STEP][PASSED] - closeBrowser(): Browser is closed

28-01-2024T23:03:38 - [MESSAGE][PASSED] - Browser is closed]]></system-out>
         <system-err><![CDATA[]]></system-err>
      </testcase>
      <testcase name="Test Cases/Datadriven_testing/TC_country_change_005" time="137.592" classname="Test Cases/Datadriven_testing/TC_country_change_005" status="PASSED">
         <system-out><![CDATA[28-01-2024T23:03:38 - [TEST_CASE][PASSED] - Test Cases/Datadriven_testing/TC_country_change_005: Test Cases/Datadriven_testing/TC_country_change_005

28-01-2024T23:03:38 - [TEST_STEP][PASSED] - Start listener action : sampleBeforeTestCase: Navigate to 'https://www.amazon.in/' successfully

28-01-2024T23:03:38 - [TEST_STEP][PASSED] - openBrowser(""): Browser is opened with url: ''

28-01-2024T23:03:38 - [MESSAGE][INFO] - Starting 'Chrome' driver

28-01-2024T23:03:38 - [MESSAGE][INFO] - Action delay is set to 0 milliseconds

28-01-2024T23:03:40 - [MESSAGE][PASSED] - Browser is opened with url: ''

28-01-2024T23:03:40 - [TEST_STEP][PASSED] - navigateToUrl("https://www.amazon.in/"): Navigate to 'https://www.amazon.in/' successfully

28-01-2024T23:04:27 - [MESSAGE][PASSED] - Navigate to 'https://www.amazon.in/' successfully

28-01-2024T23:04:27 - [TEST_STEP][PASSED] - click(findTestObject("Object Repository/Page_Online Shopping site in India Shop Onl_10c5f3/" + location)): Object: 'Object Repository/Page_Online Shopping site in India Shop Onl_10c5f3/Brazil' is clicked on

28-01-2024T23:05:56 - [MESSAGE][PASSED] - Object: 'Object Repository/Page_Online Shopping site in India Shop Onl_10c5f3/Brazil' is clicked on

28-01-2024T23:05:56 - [TEST_STEP][PASSED] - Start listener action : sampleAfterTestCase: Browser is closed

28-01-2024T23:05:56 - [TEST_STEP][PASSED] - closeBrowser(): Browser is closed

28-01-2024T23:05:56 - [MESSAGE][PASSED] - Browser is closed]]></system-out>
         <system-err><![CDATA[]]></system-err>
      </testcase>
      <testcase name="Test Cases/Datadriven_testing/TC_country_change_005" time="136.468" classname="Test Cases/Datadriven_testing/TC_country_change_005" status="PASSED">
         <system-out><![CDATA[28-01-2024T23:05:56 - [TEST_CASE][PASSED] - Test Cases/Datadriven_testing/TC_country_change_005: Test Cases/Datadriven_testing/TC_country_change_005

28-01-2024T23:05:56 - [TEST_STEP][PASSED] - Start listener action : sampleBeforeTestCase: Navigate to 'https://www.amazon.in/' successfully

28-01-2024T23:05:56 - [TEST_STEP][PASSED] - openBrowser(""): Browser is opened with url: ''

28-01-2024T23:05:56 - [MESSAGE][INFO] - Starting 'Chrome' driver

28-01-2024T23:05:56 - [MESSAGE][INFO] - Action delay is set to 0 milliseconds

28-01-2024T23:05:58 - [MESSAGE][PASSED] - Browser is opened with url: ''

28-01-2024T23:05:58 - [TEST_STEP][PASSED] - navigateToUrl("https://www.amazon.in/"): Navigate to 'https://www.amazon.in/' successfully

28-01-2024T23:06:20 - [MESSAGE][PASSED] - Navigate to 'https://www.amazon.in/' successfully

28-01-2024T23:06:20 - [TEST_STEP][PASSED] - click(findTestObject("Object Repository/Page_Online Shopping site in India Shop Onl_10c5f3/" + location)): Object: 'Object Repository/Page_Online Shopping site in India Shop Onl_10c5f3/Canada' is clicked on

28-01-2024T23:08:12 - [MESSAGE][PASSED] - Object: 'Object Repository/Page_Online Shopping site in India Shop Onl_10c5f3/Canada' is clicked on

28-01-2024T23:08:12 - [TEST_STEP][PASSED] - Start listener action : sampleAfterTestCase: Browser is closed

28-01-2024T23:08:12 - [TEST_STEP][PASSED] - closeBrowser(): Browser is closed

28-01-2024T23:08:13 - [MESSAGE][PASSED] - Browser is closed]]></system-out>
         <system-err><![CDATA[]]></system-err>
      </testcase>
      <testcase name="Test Cases/Datadriven_testing/TC_country_change_005" time="26.7" classname="Test Cases/Datadriven_testing/TC_country_change_005" status="PASSED">
         <system-out><![CDATA[28-01-2024T23:08:13 - [TEST_CASE][PASSED] - Test Cases/Datadriven_testing/TC_country_change_005: Test Cases/Datadriven_testing/TC_country_change_005

28-01-2024T23:08:13 - [TEST_STEP][PASSED] - Start listener action : sampleBeforeTestCase: Navigate to 'https://www.amazon.in/' successfully

28-01-2024T23:08:13 - [TEST_STEP][PASSED] - openBrowser(""): Browser is opened with url: ''

28-01-2024T23:08:13 - [MESSAGE][INFO] - Starting 'Chrome' driver

28-01-2024T23:08:13 - [MESSAGE][INFO] - Action delay is set to 0 milliseconds

28-01-2024T23:08:13 - [MESSAGE][PASSED] - Browser is opened with url: ''

28-01-2024T23:08:13 - [TEST_STEP][PASSED] - navigateToUrl("https://www.amazon.in/"): Navigate to 'https://www.amazon.in/' successfully

28-01-2024T23:08:31 - [MESSAGE][PASSED] - Navigate to 'https://www.amazon.in/' successfully

28-01-2024T23:08:31 - [TEST_STEP][PASSED] - click(findTestObject("Object Repository/Page_Online Shopping site in India Shop Onl_10c5f3/" + location)): Object: 'Object Repository/Page_Online Shopping site in India Shop Onl_10c5f3/China' is clicked on

28-01-2024T23:08:39 - [MESSAGE][PASSED] - Object: 'Object Repository/Page_Online Shopping site in India Shop Onl_10c5f3/China' is clicked on

28-01-2024T23:08:39 - [TEST_STEP][PASSED] - Start listener action : sampleAfterTestCase: Browser is closed

28-01-2024T23:08:39 - [TEST_STEP][PASSED] - closeBrowser(): Browser is closed

28-01-2024T23:08:39 - [MESSAGE][PASSED] - Browser is closed]]></system-out>
         <system-err><![CDATA[]]></system-err>
      </testcase>
      <system-out><![CDATA[28-01-2024T23:01:25 - [TEST_SUITE][PASSED] - TS_country_change_005: Test Cases/Datadriven_testing/TC_country_change_005]]></system-out>
      <system-err><![CDATA[]]></system-err>
   </testsuite>
</testsuites>
