<?xml version="1.0" encoding="UTF-8"?>
<testsuites name="TS_language_change_004" time="199.016" tests="4" failures="0" errors="0">
   <testsuite name="TS_language_change_004" tests="4" failures="0" errors="0" time="199.016" skipped="0" timestamp="28-01-2024T23:01:28" hostname="Santhoshini - LAPTOP-JQ2M32JD" id="Test Suites/Datadriven_testing/TS_language_change_004">
      <properties>
         <property name="deviceName" value=""/>
         <property name="devicePlatform" value=""/>
         <property name="logFolder" value="C:\\Users\\Santhoshini\\git\\AMAZON-KATALON\\AMAZON-KATALON\\Reports\\20240128_230052\\Datadriven_testing\\TS_language_change_004\\20240128_230101"/>
         <property name="logFiles" value="C:\\Users\\Santhoshini\\git\\AMAZON-KATALON\\AMAZON-KATALON\\Reports\\20240128_230052\\Datadriven_testing\\TS_language_change_004\\20240128_230101\\execution0.log"/>
         <property name="attachments" value=""/>
         <property name="hostName" value="Santhoshini - LAPTOP-JQ2M32JD"/>
         <property name="os" value="Windows 11 64bit"/>
         <property name="katalonVersion" value="9.2.0.212"/>
         <property name="browser" value="Chrome 120.0.0.0"/>
         <property name="hostAddress" value="192.168.129.23"/>
         <property name="sessionId" value="aafcfc0ac953940c631bb0a4d918b337"/>
         <property name="seleniumVersion" value="3.141.59"/>
         <property name="proxyInformation" value="ProxyInformation { proxyOption=NO_PROXY, proxyServerType=HTTP, username=, password=********, proxyServerAddress=, proxyServerPort=0, executionList=&quot;&quot;, isApplyToDesiredCapabilities=true }"/>
         <property name="platform" value="Windows 11"/>
      </properties>
      <testcase name="Test Cases/Datadriven_testing/TC_language_change_004" time="58.743" classname="Test Cases/Datadriven_testing/TC_language_change_004" status="PASSED">
         <system-out><![CDATA[28-01-2024T23:01:29 - [TEST_CASE][PASSED] - Test Cases/Datadriven_testing/TC_language_change_004: Test Cases/Datadriven_testing/TC_language_change_004

28-01-2024T23:01:29 - [TEST_STEP][PASSED] - Start listener action : sampleBeforeTestCase: Navigate to 'https://www.amazon.in/' successfully

28-01-2024T23:01:29 - [TEST_STEP][PASSED] - openBrowser(""): Browser is opened with url: ''

28-01-2024T23:01:31 - [MESSAGE][INFO] - Starting 'Chrome' driver

28-01-2024T23:01:31 - [MESSAGE][INFO] - Action delay is set to 0 milliseconds

28-01-2024T23:01:37 - [MESSAGE][PASSED] - Browser is opened with url: ''

28-01-2024T23:01:37 - [TEST_STEP][PASSED] - navigateToUrl("https://www.amazon.in/"): Navigate to 'https://www.amazon.in/' successfully

28-01-2024T23:02:22 - [MESSAGE][PASSED] - Navigate to 'https://www.amazon.in/' successfully

28-01-2024T23:02:22 - [TEST_STEP][PASSED] - click(findTestObject("Object Repository/language/Page_Online Shopping site in India Shop Onl_10c5f3/div_EN")): Object: 'Object Repository/language/Page_Online Shopping site in India Shop Onl_10c5f3/div_EN' is clicked on

28-01-2024T23:02:25 - [MESSAGE][PASSED] - Object: 'Object Repository/language/Page_Online Shopping site in India Shop Onl_10c5f3/div_EN' is clicked on

28-01-2024T23:02:25 - [TEST_STEP][PASSED] - click(findTestObject("Object Repository/language/Page_Change Language Settings/" + language)): Object: 'Object Repository/language/Page_Change Language Settings/Malayalam' is clicked on

28-01-2024T23:02:26 - [MESSAGE][PASSED] - Object: 'Object Repository/language/Page_Change Language Settings/Malayalam' is clicked on

28-01-2024T23:02:26 - [TEST_STEP][PASSED] - click(findTestObject("Object Repository/language/Page_Change Language Settings/input_a-button-input")): Object: 'Object Repository/language/Page_Change Language Settings/input_a-button-input' is clicked on

28-01-2024T23:02:27 - [MESSAGE][PASSED] - Object: 'Object Repository/language/Page_Change Language Settings/input_a-button-input' is clicked on

28-01-2024T23:02:27 - [TEST_STEP][PASSED] - Start listener action : sampleAfterTestCase: Browser is closed

28-01-2024T23:02:27 - [TEST_STEP][PASSED] - closeBrowser(): Browser is closed

28-01-2024T23:02:28 - [MESSAGE][PASSED] - Browser is closed]]></system-out>
         <system-err><![CDATA[]]></system-err>
      </testcase>
      <testcase name="Test Cases/Datadriven_testing/TC_language_change_004" time="33.186" classname="Test Cases/Datadriven_testing/TC_language_change_004" status="PASSED">
         <system-out><![CDATA[28-01-2024T23:02:28 - [TEST_CASE][PASSED] - Test Cases/Datadriven_testing/TC_language_change_004: Test Cases/Datadriven_testing/TC_language_change_004

28-01-2024T23:02:28 - [TEST_STEP][PASSED] - Start listener action : sampleBeforeTestCase: Navigate to 'https://www.amazon.in/' successfully

28-01-2024T23:02:28 - [TEST_STEP][PASSED] - openBrowser(""): Browser is opened with url: ''

28-01-2024T23:02:28 - [MESSAGE][INFO] - Starting 'Chrome' driver

28-01-2024T23:02:28 - [MESSAGE][INFO] - Action delay is set to 0 milliseconds

28-01-2024T23:02:29 - [MESSAGE][PASSED] - Browser is opened with url: ''

28-01-2024T23:02:29 - [TEST_STEP][PASSED] - navigateToUrl("https://www.amazon.in/"): Navigate to 'https://www.amazon.in/' successfully

28-01-2024T23:02:51 - [MESSAGE][PASSED] - Navigate to 'https://www.amazon.in/' successfully

28-01-2024T23:02:51 - [TEST_STEP][PASSED] - click(findTestObject("Object Repository/language/Page_Online Shopping site in India Shop Onl_10c5f3/div_EN")): Object: 'Object Repository/language/Page_Online Shopping site in India Shop Onl_10c5f3/div_EN' is clicked on

28-01-2024T23:02:56 - [MESSAGE][PASSED] - Object: 'Object Repository/language/Page_Online Shopping site in India Shop Onl_10c5f3/div_EN' is clicked on

28-01-2024T23:02:56 - [TEST_STEP][PASSED] - click(findTestObject("Object Repository/language/Page_Change Language Settings/" + language)): Object: 'Object Repository/language/Page_Change Language Settings/English' is clicked on

28-01-2024T23:02:59 - [MESSAGE][PASSED] - Object: 'Object Repository/language/Page_Change Language Settings/English' is clicked on

28-01-2024T23:02:59 - [TEST_STEP][PASSED] - click(findTestObject("Object Repository/language/Page_Change Language Settings/input_a-button-input")): Object: 'Object Repository/language/Page_Change Language Settings/input_a-button-input' is clicked on

28-01-2024T23:03:01 - [MESSAGE][PASSED] - Object: 'Object Repository/language/Page_Change Language Settings/input_a-button-input' is clicked on

28-01-2024T23:03:01 - [TEST_STEP][PASSED] - Start listener action : sampleAfterTestCase: Browser is closed

28-01-2024T23:03:01 - [TEST_STEP][PASSED] - closeBrowser(): Browser is closed

28-01-2024T23:03:01 - [MESSAGE][PASSED] - Browser is closed]]></system-out>
         <system-err><![CDATA[]]></system-err>
      </testcase>
      <testcase name="Test Cases/Datadriven_testing/TC_language_change_004" time="65.803" classname="Test Cases/Datadriven_testing/TC_language_change_004" status="PASSED">
         <system-out><![CDATA[28-01-2024T23:03:01 - [TEST_CASE][PASSED] - Test Cases/Datadriven_testing/TC_language_change_004: Test Cases/Datadriven_testing/TC_language_change_004

28-01-2024T23:03:01 - [TEST_STEP][PASSED] - Start listener action : sampleBeforeTestCase: Navigate to 'https://www.amazon.in/' successfully

28-01-2024T23:03:01 - [TEST_STEP][PASSED] - openBrowser(""): Browser is opened with url: ''

28-01-2024T23:03:01 - [MESSAGE][INFO] - Starting 'Chrome' driver

28-01-2024T23:03:01 - [MESSAGE][INFO] - Action delay is set to 0 milliseconds

28-01-2024T23:03:03 - [MESSAGE][PASSED] - Browser is opened with url: ''

28-01-2024T23:03:03 - [TEST_STEP][PASSED] - navigateToUrl("https://www.amazon.in/"): Navigate to 'https://www.amazon.in/' successfully

28-01-2024T23:03:47 - [MESSAGE][PASSED] - Navigate to 'https://www.amazon.in/' successfully

28-01-2024T23:03:47 - [TEST_STEP][PASSED] - click(findTestObject("Object Repository/language/Page_Online Shopping site in India Shop Onl_10c5f3/div_EN")): Object: 'Object Repository/language/Page_Online Shopping site in India Shop Onl_10c5f3/div_EN' is clicked on

28-01-2024T23:04:04 - [MESSAGE][PASSED] - Object: 'Object Repository/language/Page_Online Shopping site in India Shop Onl_10c5f3/div_EN' is clicked on

28-01-2024T23:04:04 - [TEST_STEP][PASSED] - click(findTestObject("Object Repository/language/Page_Change Language Settings/" + language)): Object: 'Object Repository/language/Page_Change Language Settings/Telugu' is clicked on

28-01-2024T23:04:06 - [MESSAGE][PASSED] - Object: 'Object Repository/language/Page_Change Language Settings/Telugu' is clicked on

28-01-2024T23:04:06 - [TEST_STEP][PASSED] - click(findTestObject("Object Repository/language/Page_Change Language Settings/input_a-button-input")): Object: 'Object Repository/language/Page_Change Language Settings/input_a-button-input' is clicked on

28-01-2024T23:04:06 - [MESSAGE][PASSED] - Object: 'Object Repository/language/Page_Change Language Settings/input_a-button-input' is clicked on

28-01-2024T23:04:06 - [TEST_STEP][PASSED] - Start listener action : sampleAfterTestCase: Browser is closed

28-01-2024T23:04:06 - [TEST_STEP][PASSED] - closeBrowser(): Browser is closed

28-01-2024T23:04:07 - [MESSAGE][PASSED] - Browser is closed]]></system-out>
         <system-err><![CDATA[]]></system-err>
      </testcase>
      <testcase name="Test Cases/Datadriven_testing/TC_language_change_004" time="39.942" classname="Test Cases/Datadriven_testing/TC_language_change_004" status="PASSED">
         <system-out><![CDATA[28-01-2024T23:04:07 - [TEST_CASE][PASSED] - Test Cases/Datadriven_testing/TC_language_change_004: Test Cases/Datadriven_testing/TC_language_change_004

28-01-2024T23:04:07 - [TEST_STEP][PASSED] - Start listener action : sampleBeforeTestCase: Navigate to 'https://www.amazon.in/' successfully

28-01-2024T23:04:07 - [TEST_STEP][PASSED] - openBrowser(""): Browser is opened with url: ''

28-01-2024T23:04:07 - [MESSAGE][INFO] - Starting 'Chrome' driver

28-01-2024T23:04:07 - [MESSAGE][INFO] - Action delay is set to 0 milliseconds

28-01-2024T23:04:08 - [MESSAGE][PASSED] - Browser is opened with url: ''

28-01-2024T23:04:08 - [TEST_STEP][PASSED] - navigateToUrl("https://www.amazon.in/"): Navigate to 'https://www.amazon.in/' successfully

28-01-2024T23:04:39 - [MESSAGE][PASSED] - Navigate to 'https://www.amazon.in/' successfully

28-01-2024T23:04:39 - [TEST_STEP][PASSED] - click(findTestObject("Object Repository/language/Page_Online Shopping site in India Shop Onl_10c5f3/div_EN")): Object: 'Object Repository/language/Page_Online Shopping site in India Shop Onl_10c5f3/div_EN' is clicked on

28-01-2024T23:04:43 - [MESSAGE][PASSED] - Object: 'Object Repository/language/Page_Online Shopping site in India Shop Onl_10c5f3/div_EN' is clicked on

28-01-2024T23:04:43 - [TEST_STEP][PASSED] - click(findTestObject("Object Repository/language/Page_Change Language Settings/" + language)): Object: 'Object Repository/language/Page_Change Language Settings/Tamil' is clicked on

28-01-2024T23:04:45 - [MESSAGE][PASSED] - Object: 'Object Repository/language/Page_Change Language Settings/Tamil' is clicked on

28-01-2024T23:04:45 - [TEST_STEP][PASSED] - click(findTestObject("Object Repository/language/Page_Change Language Settings/input_a-button-input")): Object: 'Object Repository/language/Page_Change Language Settings/input_a-button-input' is clicked on

28-01-2024T23:04:46 - [MESSAGE][PASSED] - Object: 'Object Repository/language/Page_Change Language Settings/input_a-button-input' is clicked on

28-01-2024T23:04:46 - [TEST_STEP][PASSED] - Start listener action : sampleAfterTestCase: Browser is closed

28-01-2024T23:04:46 - [TEST_STEP][PASSED] - closeBrowser(): Browser is closed

28-01-2024T23:04:47 - [MESSAGE][PASSED] - Browser is closed]]></system-out>
         <system-err><![CDATA[]]></system-err>
      </testcase>
      <system-out><![CDATA[28-01-2024T23:01:28 - [TEST_SUITE][PASSED] - TS_language_change_004: Test Cases/Datadriven_testing/TC_language_change_004]]></system-out>
      <system-err><![CDATA[]]></system-err>
   </testsuite>
</testsuites>
