<?xml version="1.0" encoding="UTF-8"?>
<testsuites name="check_point_008_TS" time="54.727" tests="1" failures="0" errors="0">
   <testsuite name="check_point_008_TS" tests="1" failures="0" errors="0" time="54.727" skipped="0" timestamp="28-01-2024T23:01:24" hostname="Santhoshini - LAPTOP-JQ2M32JD" id="Test Suites/check_point_008_TS">
      <properties>
         <property name="deviceName" value=""/>
         <property name="devicePlatform" value=""/>
         <property name="logFolder" value="C:\\Users\\Santhoshini\\git\\AMAZON-KATALON\\AMAZON-KATALON\\Reports\\20240128_230052\\check_point_008_TS\\20240128_230053"/>
         <property name="logFiles" value="C:\\Users\\Santhoshini\\git\\AMAZON-KATALON\\AMAZON-KATALON\\Reports\\20240128_230052\\check_point_008_TS\\20240128_230053\\execution0.log"/>
         <property name="attachments" value=""/>
         <property name="hostName" value="Santhoshini - LAPTOP-JQ2M32JD"/>
         <property name="os" value="Windows 11 64bit"/>
         <property name="katalonVersion" value="9.2.0.212"/>
         <property name="browser" value="Edge Chromium 121"/>
         <property name="hostAddress" value="192.168.129.23"/>
         <property name="sessionId" value="3b60ed3816988f861fd8976ef9b8a82c"/>
         <property name="seleniumVersion" value="3.141.59"/>
         <property name="proxyInformation" value="ProxyInformation { proxyOption=NO_PROXY, proxyServerType=HTTP, username=, password=********, proxyServerAddress=, proxyServerPort=0, executionList=&quot;&quot;, isApplyToDesiredCapabilities=true }"/>
         <property name="platform" value="Windows 11"/>
      </properties>
      <testcase name="Test Cases/checkpoint_tc_address_008" time="53.577" classname="Test Cases/checkpoint_tc_address_008" status="PASSED">
         <system-out><![CDATA[28-01-2024T23:01:25 - [TEST_CASE][PASSED] - Test Cases/checkpoint_tc_address_008: Test Cases/checkpoint_tc_address_008

28-01-2024T23:01:25 - [TEST_STEP][PASSED] - Start listener action : sampleBeforeTestCase: Navigate to 'https://www.amazon.in/' successfully

28-01-2024T23:01:25 - [TEST_STEP][PASSED] - openBrowser(""): Browser is opened with url: ''

28-01-2024T23:01:27 - [MESSAGE][INFO] - Starting 'Edge Chromium' driver

28-01-2024T23:01:29 - [MESSAGE][INFO] - Action delay is set to 0 milliseconds

28-01-2024T23:01:34 - [MESSAGE][PASSED] - Browser is opened with url: ''

28-01-2024T23:01:34 - [TEST_STEP][PASSED] - navigateToUrl("https://www.amazon.in/"): Navigate to 'https://www.amazon.in/' successfully

28-01-2024T23:02:16 - [MESSAGE][PASSED] - Navigate to 'https://www.amazon.in/' successfully

28-01-2024T23:02:17 - [TEST_STEP][PASSED] - verifyCheckpoint(findCheckpoint("Checkpoints/Checkpoint_delivery_address"), true): Checkpoint data and Source data are matched

28-01-2024T23:02:18 - [MESSAGE][PASSED] - Checkpoint data and Source data are matched

28-01-2024T23:02:18 - [TEST_STEP][PASSED] - Start listener action : sampleAfterTestCase: Browser is closed

28-01-2024T23:02:18 - [TEST_STEP][PASSED] - closeBrowser(): Browser is closed

28-01-2024T23:02:19 - [MESSAGE][PASSED] - Browser is closed]]></system-out>
         <system-err><![CDATA[]]></system-err>
      </testcase>
      <system-out><![CDATA[28-01-2024T23:01:24 - [TEST_SUITE][PASSED] - check_point_008_TS: Test Cases/checkpoint_tc_address_008]]></system-out>
      <system-err><![CDATA[]]></system-err>
   </testsuite>
</testsuites>
