<?xml version="1.0" encoding="UTF-8"?>
<testsuites name="TS_category_search_002" time="404.71" tests="3" failures="0" errors="0">
   <testsuite name="TS_category_search_002" tests="3" failures="0" errors="0" time="404.71" skipped="0" timestamp="28-01-2024T23:01:26" hostname="Santhoshini - LAPTOP-JQ2M32JD" id="Test Suites/Datadriven_testing/TS_category_search_002">
      <properties>
         <property name="deviceName" value=""/>
         <property name="devicePlatform" value=""/>
         <property name="logFolder" value="C:\\Users\\Santhoshini\\git\\AMAZON-KATALON\\AMAZON-KATALON\\Reports\\20240128_230052\\Datadriven_testing\\TS_category_search_002\\20240128_230055"/>
         <property name="logFiles" value="C:\\Users\\Santhoshini\\git\\AMAZON-KATALON\\AMAZON-KATALON\\Reports\\20240128_230052\\Datadriven_testing\\TS_category_search_002\\20240128_230055\\execution0.log"/>
         <property name="attachments" value=""/>
         <property name="hostName" value="Santhoshini - LAPTOP-JQ2M32JD"/>
         <property name="os" value="Windows 11 64bit"/>
         <property name="katalonVersion" value="9.2.0.212"/>
         <property name="browser" value="Chrome 120.0.0.0"/>
         <property name="hostAddress" value="192.168.129.23"/>
         <property name="sessionId" value="b45b79475c43c54b02924b186eccb162"/>
         <property name="seleniumVersion" value="3.141.59"/>
         <property name="proxyInformation" value="ProxyInformation { proxyOption=NO_PROXY, proxyServerType=HTTP, username=, password=********, proxyServerAddress=, proxyServerPort=0, executionList=&quot;&quot;, isApplyToDesiredCapabilities=true }"/>
         <property name="platform" value="Windows 11"/>
      </properties>
      <testcase name="Test Cases/Datadriven_testing/TC_category_search_002" time="141.035" classname="Test Cases/Datadriven_testing/TC_category_search_002" status="PASSED">
         <system-out><![CDATA[28-01-2024T23:01:28 - [TEST_CASE][PASSED] - Test Cases/Datadriven_testing/TC_category_search_002: Test Cases/Datadriven_testing/TC_category_search_002

28-01-2024T23:01:28 - [TEST_STEP][PASSED] - Start listener action : sampleBeforeTestCase: Navigate to 'https://www.amazon.in/' successfully

28-01-2024T23:01:28 - [TEST_STEP][PASSED] - openBrowser(""): Browser is opened with url: ''

28-01-2024T23:01:30 - [MESSAGE][INFO] - Starting 'Chrome' driver

28-01-2024T23:01:30 - [MESSAGE][INFO] - Action delay is set to 0 milliseconds

28-01-2024T23:01:36 - [MESSAGE][PASSED] - Browser is opened with url: ''

28-01-2024T23:01:36 - [TEST_STEP][PASSED] - navigateToUrl("https://www.amazon.in/"): Navigate to 'https://www.amazon.in/' successfully

28-01-2024T23:02:30 - [MESSAGE][PASSED] - Navigate to 'https://www.amazon.in/' successfully

28-01-2024T23:02:31 - [TEST_STEP][PASSED] - selectOptionByValue(findTestObject("Object Repository/Page_Online Shopping site in India Shop Onl_10c5f3/select_All Categories        Alexa Skills  _a62561"), "search-alias=" + category, true): All options with value 'search-alias=beauty' are selected in object 'Object Repository/Page_Online Shopping site in India Shop Onl_10c5f3/select_All Categories        Alexa Skills  _a62561'  using regular expression

28-01-2024T23:02:35 - [MESSAGE][PASSED] - All options with value 'search-alias=beauty' are selected in object 'Object Repository/Page_Online Shopping site in India Shop Onl_10c5f3/select_All Categories        Alexa Skills  _a62561'  using regular expression

28-01-2024T23:02:35 - [TEST_STEP][PASSED] - setText(findTestObject("Object Repository/Page_Online Shopping site in India Shop Onl_10c5f3/input_field-keywords"), item): Text 'lipstick' is set on object 'Object Repository/Page_Online Shopping site in India Shop Onl_10c5f3/input_field-keywords'

28-01-2024T23:02:37 - [MESSAGE][PASSED] - Text 'lipstick' is set on object 'Object Repository/Page_Online Shopping site in India Shop Onl_10c5f3/input_field-keywords'

28-01-2024T23:02:37 - [TEST_STEP][PASSED] - click(findTestObject("Object Repository/Page_Online Shopping site in India Shop Onl_10c5f3/inputnav-search-submit-button")): Object: 'Object Repository/Page_Online Shopping site in India Shop Onl_10c5f3/inputnav-search-submit-button' is clicked on

28-01-2024T23:03:48 - [MESSAGE][PASSED] - Object: 'Object Repository/Page_Online Shopping site in India Shop Onl_10c5f3/inputnav-search-submit-button' is clicked on

28-01-2024T23:03:48 - [TEST_STEP][PASSED] - Start listener action : sampleAfterTestCase: Browser is closed

28-01-2024T23:03:48 - [TEST_STEP][PASSED] - closeBrowser(): Browser is closed

28-01-2024T23:03:49 - [MESSAGE][PASSED] - Browser is closed]]></system-out>
         <system-err><![CDATA[]]></system-err>
      </testcase>
      <testcase name="Test Cases/Datadriven_testing/TC_category_search_002" time="130.517" classname="Test Cases/Datadriven_testing/TC_category_search_002" status="PASSED">
         <system-out><![CDATA[28-01-2024T23:03:49 - [TEST_CASE][PASSED] - Test Cases/Datadriven_testing/TC_category_search_002: Test Cases/Datadriven_testing/TC_category_search_002

28-01-2024T23:03:49 - [TEST_STEP][PASSED] - Start listener action : sampleBeforeTestCase: Navigate to 'https://www.amazon.in/' successfully

28-01-2024T23:03:49 - [TEST_STEP][PASSED] - openBrowser(""): Browser is opened with url: ''

28-01-2024T23:03:49 - [MESSAGE][INFO] - Starting 'Chrome' driver

28-01-2024T23:03:49 - [MESSAGE][INFO] - Action delay is set to 0 milliseconds

28-01-2024T23:03:50 - [MESSAGE][PASSED] - Browser is opened with url: ''

28-01-2024T23:03:50 - [TEST_STEP][PASSED] - navigateToUrl("https://www.amazon.in/"): Navigate to 'https://www.amazon.in/' successfully

28-01-2024T23:04:52 - [MESSAGE][PASSED] - Navigate to 'https://www.amazon.in/' successfully

28-01-2024T23:04:52 - [TEST_STEP][PASSED] - selectOptionByValue(findTestObject("Object Repository/Page_Online Shopping site in India Shop Onl_10c5f3/select_All Categories        Alexa Skills  _a62561"), "search-alias=" + category, true): All options with value 'search-alias=baby' are selected in object 'Object Repository/Page_Online Shopping site in India Shop Onl_10c5f3/select_All Categories        Alexa Skills  _a62561'  using regular expression

28-01-2024T23:04:56 - [MESSAGE][PASSED] - All options with value 'search-alias=baby' are selected in object 'Object Repository/Page_Online Shopping site in India Shop Onl_10c5f3/select_All Categories        Alexa Skills  _a62561'  using regular expression

28-01-2024T23:04:56 - [TEST_STEP][PASSED] - setText(findTestObject("Object Repository/Page_Online Shopping site in India Shop Onl_10c5f3/input_field-keywords"), item): Text 'walker' is set on object 'Object Repository/Page_Online Shopping site in India Shop Onl_10c5f3/input_field-keywords'

28-01-2024T23:04:58 - [MESSAGE][PASSED] - Text 'walker' is set on object 'Object Repository/Page_Online Shopping site in India Shop Onl_10c5f3/input_field-keywords'

28-01-2024T23:04:58 - [TEST_STEP][PASSED] - click(findTestObject("Object Repository/Page_Online Shopping site in India Shop Onl_10c5f3/inputnav-search-submit-button")): Object: 'Object Repository/Page_Online Shopping site in India Shop Onl_10c5f3/inputnav-search-submit-button' is clicked on

28-01-2024T23:05:59 - [MESSAGE][PASSED] - Object: 'Object Repository/Page_Online Shopping site in India Shop Onl_10c5f3/inputnav-search-submit-button' is clicked on

28-01-2024T23:05:59 - [TEST_STEP][PASSED] - Start listener action : sampleAfterTestCase: Browser is closed

28-01-2024T23:05:59 - [TEST_STEP][PASSED] - closeBrowser(): Browser is closed

28-01-2024T23:05:59 - [MESSAGE][PASSED] - Browser is closed]]></system-out>
         <system-err><![CDATA[]]></system-err>
      </testcase>
      <testcase name="Test Cases/Datadriven_testing/TC_category_search_002" time="131.348" classname="Test Cases/Datadriven_testing/TC_category_search_002" status="PASSED">
         <system-out><![CDATA[28-01-2024T23:05:59 - [TEST_CASE][PASSED] - Test Cases/Datadriven_testing/TC_category_search_002: Test Cases/Datadriven_testing/TC_category_search_002

28-01-2024T23:05:59 - [TEST_STEP][PASSED] - Start listener action : sampleBeforeTestCase: Navigate to 'https://www.amazon.in/' successfully

28-01-2024T23:05:59 - [TEST_STEP][PASSED] - openBrowser(""): Browser is opened with url: ''

28-01-2024T23:05:59 - [MESSAGE][INFO] - Starting 'Chrome' driver

28-01-2024T23:05:59 - [MESSAGE][INFO] - Action delay is set to 0 milliseconds

28-01-2024T23:06:01 - [MESSAGE][PASSED] - Browser is opened with url: ''

28-01-2024T23:06:01 - [TEST_STEP][PASSED] - navigateToUrl("https://www.amazon.in/"): Navigate to 'https://www.amazon.in/' successfully

28-01-2024T23:06:26 - [MESSAGE][PASSED] - Navigate to 'https://www.amazon.in/' successfully

28-01-2024T23:06:26 - [TEST_STEP][PASSED] - selectOptionByValue(findTestObject("Object Repository/Page_Online Shopping site in India Shop Onl_10c5f3/select_All Categories        Alexa Skills  _a62561"), "search-alias=" + category, true): All options with value 'search-alias=electronics' are selected in object 'Object Repository/Page_Online Shopping site in India Shop Onl_10c5f3/select_All Categories        Alexa Skills  _a62561'  using regular expression

28-01-2024T23:06:30 - [MESSAGE][PASSED] - All options with value 'search-alias=electronics' are selected in object 'Object Repository/Page_Online Shopping site in India Shop Onl_10c5f3/select_All Categories        Alexa Skills  _a62561'  using regular expression

28-01-2024T23:06:30 - [TEST_STEP][PASSED] - setText(findTestObject("Object Repository/Page_Online Shopping site in India Shop Onl_10c5f3/input_field-keywords"), item): Text 'switch' is set on object 'Object Repository/Page_Online Shopping site in India Shop Onl_10c5f3/input_field-keywords'

28-01-2024T23:06:31 - [MESSAGE][PASSED] - Text 'switch' is set on object 'Object Repository/Page_Online Shopping site in India Shop Onl_10c5f3/input_field-keywords'

28-01-2024T23:06:31 - [TEST_STEP][PASSED] - click(findTestObject("Object Repository/Page_Online Shopping site in India Shop Onl_10c5f3/inputnav-search-submit-button")): Object: 'Object Repository/Page_Online Shopping site in India Shop Onl_10c5f3/inputnav-search-submit-button' is clicked on

28-01-2024T23:08:11 - [MESSAGE][PASSED] - Object: 'Object Repository/Page_Online Shopping site in India Shop Onl_10c5f3/inputnav-search-submit-button' is clicked on

28-01-2024T23:08:11 - [TEST_STEP][PASSED] - Start listener action : sampleAfterTestCase: Browser is closed

28-01-2024T23:08:11 - [TEST_STEP][PASSED] - closeBrowser(): Browser is closed

28-01-2024T23:08:11 - [MESSAGE][PASSED] - Browser is closed]]></system-out>
         <system-err><![CDATA[]]></system-err>
      </testcase>
      <system-out><![CDATA[28-01-2024T23:01:26 - [TEST_SUITE][PASSED] - TS_category_search_002: Test Cases/Datadriven_testing/TC_category_search_002]]></system-out>
      <system-err><![CDATA[]]></system-err>
   </testsuite>
</testsuites>
