<?xml version="1.0" encoding="UTF-8"?>
<testsuites name="TS_Delivery_address_004" time="195.77" tests="4" failures="0" errors="0">
   <testsuite name="TS_Delivery_address_004" tests="4" failures="0" errors="0" time="195.77" skipped="0" timestamp="28-01-2024T23:01:28" hostname="Santhoshini - LAPTOP-JQ2M32JD" id="Test Suites/Datadriven_testing/TS_Delivery_address_004">
      <properties>
         <property name="deviceName" value=""/>
         <property name="devicePlatform" value=""/>
         <property name="logFolder" value="C:\\Users\\Santhoshini\\git\\AMAZON-KATALON\\AMAZON-KATALON\\Reports\\20240128_230052\\Datadriven_testing\\TS_Delivery_address_004\\20240128_230059"/>
         <property name="logFiles" value="C:\\Users\\Santhoshini\\git\\AMAZON-KATALON\\AMAZON-KATALON\\Reports\\20240128_230052\\Datadriven_testing\\TS_Delivery_address_004\\20240128_230059\\execution0.log"/>
         <property name="attachments" value=""/>
         <property name="hostName" value="Santhoshini - LAPTOP-JQ2M32JD"/>
         <property name="os" value="Windows 11 64bit"/>
         <property name="katalonVersion" value="9.2.0.212"/>
         <property name="browser" value="Chrome 120.0.0.0"/>
         <property name="hostAddress" value="192.168.129.23"/>
         <property name="sessionId" value="e989e9ccecc576d7cabaa9f2f345a44d"/>
         <property name="seleniumVersion" value="3.141.59"/>
         <property name="proxyInformation" value="ProxyInformation { proxyOption=NO_PROXY, proxyServerType=HTTP, username=, password=********, proxyServerAddress=, proxyServerPort=0, executionList=&quot;&quot;, isApplyToDesiredCapabilities=true }"/>
         <property name="platform" value="Windows 11"/>
      </properties>
      <testcase name="Test Cases/Datadriven_testing/TC_Delivery_address_003" time="64.155" classname="Test Cases/Datadriven_testing/TC_Delivery_address_003" status="PASSED">
         <system-out><![CDATA[28-01-2024T23:01:29 - [TEST_CASE][PASSED] - Test Cases/Datadriven_testing/TC_Delivery_address_003: Test Cases/Datadriven_testing/TC_Delivery_address_003

28-01-2024T23:01:29 - [TEST_STEP][PASSED] - Start listener action : sampleBeforeTestCase: Navigate to 'https://www.amazon.in/' successfully

28-01-2024T23:01:29 - [TEST_STEP][PASSED] - openBrowser(""): Browser is opened with url: ''

28-01-2024T23:01:31 - [MESSAGE][INFO] - Starting 'Chrome' driver

28-01-2024T23:01:31 - [MESSAGE][INFO] - Action delay is set to 0 milliseconds

28-01-2024T23:01:37 - [MESSAGE][PASSED] - Browser is opened with url: ''

28-01-2024T23:01:37 - [TEST_STEP][PASSED] - navigateToUrl("https://www.amazon.in/"): Navigate to 'https://www.amazon.in/' successfully

28-01-2024T23:02:28 - [MESSAGE][PASSED] - Navigate to 'https://www.amazon.in/' successfully

28-01-2024T23:02:28 - [TEST_STEP][PASSED] - click(findTestObject("Object Repository/Page_Online Shopping site in India Shop Onl_10c5f3/span_Update location")): Object: 'Object Repository/Page_Online Shopping site in India Shop Onl_10c5f3/span_Update location' is clicked on

28-01-2024T23:02:30 - [MESSAGE][PASSED] - Object: 'Object Repository/Page_Online Shopping site in India Shop Onl_10c5f3/span_Update location' is clicked on

28-01-2024T23:02:30 - [TEST_STEP][PASSED] - setText(findTestObject("Object Repository/Page_Online Shopping site in India Shop Onl_10c5f3/inputGLUXZipUpdateInput"), pincode): Text '533291' is set on object 'Object Repository/Page_Online Shopping site in India Shop Onl_10c5f3/inputGLUXZipUpdateInput'

28-01-2024T23:02:32 - [MESSAGE][PASSED] - Text '533291' is set on object 'Object Repository/Page_Online Shopping site in India Shop Onl_10c5f3/inputGLUXZipUpdateInput'

28-01-2024T23:02:32 - [TEST_STEP][PASSED] - click(findTestObject("Object Repository/Page_Online Shopping site in India Shop Onl_10c5f3/input_a-button-input")): Object: 'Object Repository/Page_Online Shopping site in India Shop Onl_10c5f3/input_a-button-input' is clicked on

28-01-2024T23:02:33 - [MESSAGE][PASSED] - Object: 'Object Repository/Page_Online Shopping site in India Shop Onl_10c5f3/input_a-button-input' is clicked on

28-01-2024T23:02:33 - [TEST_STEP][PASSED] - Start listener action : sampleAfterTestCase: Browser is closed

28-01-2024T23:02:33 - [TEST_STEP][PASSED] - closeBrowser(): Browser is closed

28-01-2024T23:02:33 - [MESSAGE][PASSED] - Browser is closed]]></system-out>
         <system-err><![CDATA[]]></system-err>
      </testcase>
      <testcase name="Test Cases/Datadriven_testing/TC_Delivery_address_003" time="43.135" classname="Test Cases/Datadriven_testing/TC_Delivery_address_003" status="PASSED">
         <system-out><![CDATA[28-01-2024T23:02:33 - [TEST_CASE][PASSED] - Test Cases/Datadriven_testing/TC_Delivery_address_003: Test Cases/Datadriven_testing/TC_Delivery_address_003

28-01-2024T23:02:33 - [TEST_STEP][PASSED] - Start listener action : sampleBeforeTestCase: Navigate to 'https://www.amazon.in/' successfully

28-01-2024T23:02:33 - [TEST_STEP][PASSED] - openBrowser(""): Browser is opened with url: ''

28-01-2024T23:02:33 - [MESSAGE][INFO] - Starting 'Chrome' driver

28-01-2024T23:02:33 - [MESSAGE][INFO] - Action delay is set to 0 milliseconds

28-01-2024T23:02:35 - [MESSAGE][PASSED] - Browser is opened with url: ''

28-01-2024T23:02:35 - [TEST_STEP][PASSED] - navigateToUrl("https://www.amazon.in/"): Navigate to 'https://www.amazon.in/' successfully

28-01-2024T23:03:08 - [MESSAGE][PASSED] - Navigate to 'https://www.amazon.in/' successfully

28-01-2024T23:03:08 - [TEST_STEP][PASSED] - click(findTestObject("Object Repository/Page_Online Shopping site in India Shop Onl_10c5f3/span_Update location")): Object: 'Object Repository/Page_Online Shopping site in India Shop Onl_10c5f3/span_Update location' is clicked on

28-01-2024T23:03:13 - [MESSAGE][PASSED] - Object: 'Object Repository/Page_Online Shopping site in India Shop Onl_10c5f3/span_Update location' is clicked on

28-01-2024T23:03:13 - [TEST_STEP][PASSED] - setText(findTestObject("Object Repository/Page_Online Shopping site in India Shop Onl_10c5f3/inputGLUXZipUpdateInput"), pincode): Text '533294' is set on object 'Object Repository/Page_Online Shopping site in India Shop Onl_10c5f3/inputGLUXZipUpdateInput'

28-01-2024T23:03:16 - [MESSAGE][PASSED] - Text '533294' is set on object 'Object Repository/Page_Online Shopping site in India Shop Onl_10c5f3/inputGLUXZipUpdateInput'

28-01-2024T23:03:16 - [TEST_STEP][PASSED] - click(findTestObject("Object Repository/Page_Online Shopping site in India Shop Onl_10c5f3/input_a-button-input")): Object: 'Object Repository/Page_Online Shopping site in India Shop Onl_10c5f3/input_a-button-input' is clicked on

28-01-2024T23:03:16 - [MESSAGE][PASSED] - Object: 'Object Repository/Page_Online Shopping site in India Shop Onl_10c5f3/input_a-button-input' is clicked on

28-01-2024T23:03:16 - [TEST_STEP][PASSED] - Start listener action : sampleAfterTestCase: Browser is closed

28-01-2024T23:03:16 - [TEST_STEP][PASSED] - closeBrowser(): Browser is closed

28-01-2024T23:03:16 - [MESSAGE][PASSED] - Browser is closed]]></system-out>
         <system-err><![CDATA[]]></system-err>
      </testcase>
      <testcase name="Test Cases/Datadriven_testing/TC_Delivery_address_003" time="50.284" classname="Test Cases/Datadriven_testing/TC_Delivery_address_003" status="PASSED">
         <system-out><![CDATA[28-01-2024T23:03:16 - [TEST_CASE][PASSED] - Test Cases/Datadriven_testing/TC_Delivery_address_003: Test Cases/Datadriven_testing/TC_Delivery_address_003

28-01-2024T23:03:16 - [TEST_STEP][PASSED] - Start listener action : sampleBeforeTestCase: Navigate to 'https://www.amazon.in/' successfully

28-01-2024T23:03:16 - [TEST_STEP][PASSED] - openBrowser(""): Browser is opened with url: ''

28-01-2024T23:03:16 - [MESSAGE][INFO] - Starting 'Chrome' driver

28-01-2024T23:03:17 - [MESSAGE][INFO] - Action delay is set to 0 milliseconds

28-01-2024T23:03:18 - [MESSAGE][PASSED] - Browser is opened with url: ''

28-01-2024T23:03:18 - [TEST_STEP][PASSED] - navigateToUrl("https://www.amazon.in/"): Navigate to 'https://www.amazon.in/' successfully

28-01-2024T23:03:49 - [MESSAGE][PASSED] - Navigate to 'https://www.amazon.in/' successfully

28-01-2024T23:03:49 - [TEST_STEP][PASSED] - click(findTestObject("Object Repository/Page_Online Shopping site in India Shop Onl_10c5f3/span_Update location")): Object: 'Object Repository/Page_Online Shopping site in India Shop Onl_10c5f3/span_Update location' is clicked on

28-01-2024T23:03:54 - [MESSAGE][PASSED] - Object: 'Object Repository/Page_Online Shopping site in India Shop Onl_10c5f3/span_Update location' is clicked on

28-01-2024T23:03:54 - [TEST_STEP][PASSED] - setText(findTestObject("Object Repository/Page_Online Shopping site in India Shop Onl_10c5f3/inputGLUXZipUpdateInput"), pincode): Text '533201' is set on object 'Object Repository/Page_Online Shopping site in India Shop Onl_10c5f3/inputGLUXZipUpdateInput'

28-01-2024T23:04:06 - [MESSAGE][PASSED] - Text '533201' is set on object 'Object Repository/Page_Online Shopping site in India Shop Onl_10c5f3/inputGLUXZipUpdateInput'

28-01-2024T23:04:06 - [TEST_STEP][PASSED] - click(findTestObject("Object Repository/Page_Online Shopping site in India Shop Onl_10c5f3/input_a-button-input")): Object: 'Object Repository/Page_Online Shopping site in India Shop Onl_10c5f3/input_a-button-input' is clicked on

28-01-2024T23:04:06 - [MESSAGE][PASSED] - Object: 'Object Repository/Page_Online Shopping site in India Shop Onl_10c5f3/input_a-button-input' is clicked on

28-01-2024T23:04:06 - [TEST_STEP][PASSED] - Start listener action : sampleAfterTestCase: Browser is closed

28-01-2024T23:04:06 - [TEST_STEP][PASSED] - closeBrowser(): Browser is closed

28-01-2024T23:04:07 - [MESSAGE][PASSED] - Browser is closed]]></system-out>
         <system-err><![CDATA[]]></system-err>
      </testcase>
      <testcase name="Test Cases/Datadriven_testing/TC_Delivery_address_003" time="36.818" classname="Test Cases/Datadriven_testing/TC_Delivery_address_003" status="PASSED">
         <system-out><![CDATA[28-01-2024T23:04:07 - [TEST_CASE][PASSED] - Test Cases/Datadriven_testing/TC_Delivery_address_003: Test Cases/Datadriven_testing/TC_Delivery_address_003

28-01-2024T23:04:07 - [TEST_STEP][PASSED] - Start listener action : sampleBeforeTestCase: Navigate to 'https://www.amazon.in/' successfully

28-01-2024T23:04:07 - [TEST_STEP][PASSED] - openBrowser(""): Browser is opened with url: ''

28-01-2024T23:04:07 - [MESSAGE][INFO] - Starting 'Chrome' driver

28-01-2024T23:04:07 - [MESSAGE][INFO] - Action delay is set to 0 milliseconds

28-01-2024T23:04:09 - [MESSAGE][PASSED] - Browser is opened with url: ''

28-01-2024T23:04:09 - [TEST_STEP][PASSED] - navigateToUrl("https://www.amazon.in/"): Navigate to 'https://www.amazon.in/' successfully

28-01-2024T23:04:38 - [MESSAGE][PASSED] - Navigate to 'https://www.amazon.in/' successfully

28-01-2024T23:04:38 - [TEST_STEP][PASSED] - click(findTestObject("Object Repository/Page_Online Shopping site in India Shop Onl_10c5f3/span_Update location")): Object: 'Object Repository/Page_Online Shopping site in India Shop Onl_10c5f3/span_Update location' is clicked on

28-01-2024T23:04:41 - [MESSAGE][PASSED] - Object: 'Object Repository/Page_Online Shopping site in India Shop Onl_10c5f3/span_Update location' is clicked on

28-01-2024T23:04:41 - [TEST_STEP][PASSED] - setText(findTestObject("Object Repository/Page_Online Shopping site in India Shop Onl_10c5f3/inputGLUXZipUpdateInput"), pincode): Text '505101' is set on object 'Object Repository/Page_Online Shopping site in India Shop Onl_10c5f3/inputGLUXZipUpdateInput'

28-01-2024T23:04:43 - [MESSAGE][PASSED] - Text '505101' is set on object 'Object Repository/Page_Online Shopping site in India Shop Onl_10c5f3/inputGLUXZipUpdateInput'

28-01-2024T23:04:43 - [TEST_STEP][PASSED] - click(findTestObject("Object Repository/Page_Online Shopping site in India Shop Onl_10c5f3/input_a-button-input")): Object: 'Object Repository/Page_Online Shopping site in India Shop Onl_10c5f3/input_a-button-input' is clicked on

28-01-2024T23:04:43 - [MESSAGE][PASSED] - Object: 'Object Repository/Page_Online Shopping site in India Shop Onl_10c5f3/input_a-button-input' is clicked on

28-01-2024T23:04:43 - [TEST_STEP][PASSED] - Start listener action : sampleAfterTestCase: Browser is closed

28-01-2024T23:04:43 - [TEST_STEP][PASSED] - closeBrowser(): Browser is closed

28-01-2024T23:04:44 - [MESSAGE][PASSED] - Browser is closed]]></system-out>
         <system-err><![CDATA[]]></system-err>
      </testcase>
      <system-out><![CDATA[28-01-2024T23:01:28 - [TEST_SUITE][PASSED] - TS_Delivery_address_004: Test Cases/Datadriven_testing/TC_Delivery_address_003]]></system-out>
      <system-err><![CDATA[]]></system-err>
   </testsuite>
</testsuites>
